<?xml version="1.0" encoding="UTF-8"?>
<testsuite name="com.mitest.MitestApplicationTests" tests="1" skipped="0" failures="0" errors="0" timestamp="2023-05-10T02:14:58" hostname="LAPTOP-TL78CV1M" time="0.082">
  <properties/>
  <testcase name="contextLoads()" classname="com.mitest.MitestApplicationTests" time="0.082"/>
  <system-out><![CDATA[21:14:54.880 [Test worker] DEBUG org.springframework.test.context.BootstrapUtils - Instantiating CacheAwareContextLoaderDelegate from class [org.springframework.test.context.cache.DefaultCacheAwareContextLoaderDelegate]
21:14:54.891 [Test worker] DEBUG org.springframework.test.context.BootstrapUtils - Instantiating BootstrapContext using constructor [public org.springframework.test.context.support.DefaultBootstrapContext(java.lang.Class,org.springframework.test.context.CacheAwareContextLoaderDelegate)]
21:14:54.920 [Test worker] DEBUG org.springframework.test.context.BootstrapUtils - Instantiating TestContextBootstrapper for test class [com.mitest.MitestApplicationTests] from class [org.springframework.boot.test.context.SpringBootTestContextBootstrapper]
21:14:54.932 [Test worker] INFO org.springframework.boot.test.context.SpringBootTestContextBootstrapper - Neither @ContextConfiguration nor @ContextHierarchy found for test class [com.mitest.MitestApplicationTests], using SpringBootContextLoader
21:14:54.936 [Test worker] DEBUG org.springframework.test.context.support.AbstractContextLoader - Did not detect default resource location for test class [com.mitest.MitestApplicationTests]: class path resource [com/mitest/MitestApplicationTests-context.xml] does not exist
21:14:54.936 [Test worker] DEBUG org.springframework.test.context.support.AbstractContextLoader - Did not detect default resource location for test class [com.mitest.MitestApplicationTests]: class path resource [com/mitest/MitestApplicationTestsContext.groovy] does not exist
21:14:54.936 [Test worker] INFO org.springframework.test.context.support.AbstractContextLoader - Could not detect default resource locations for test class [com.mitest.MitestApplicationTests]: no resource found for suffixes {-context.xml, Context.groovy}.
21:14:54.937 [Test worker] INFO org.springframework.test.context.support.AnnotationConfigContextLoaderUtils - Could not detect default configuration classes for test class [com.mitest.MitestApplicationTests]: MitestApplicationTests does not declare any static, non-private, non-final, nested classes annotated with @Configuration.
21:14:54.978 [Test worker] DEBUG org.springframework.test.context.support.ActiveProfilesUtils - Could not find an 'annotation declaring class' for annotation type [org.springframework.test.context.ActiveProfiles] and class [com.mitest.MitestApplicationTests]
21:14:55.035 [Test worker] DEBUG org.springframework.context.annotation.ClassPathScanningCandidateComponentProvider - Identified candidate component class: file [C:\Users\52777\Documents\Pruebas tecnicas\mitest\build\classes\java\main\com\mitest\MitestApplication.class]
21:14:55.036 [Test worker] INFO org.springframework.boot.test.context.SpringBootTestContextBootstrapper - Found @SpringBootConfiguration com.mitest.MitestApplication for test class com.mitest.MitestApplicationTests
21:14:55.130 [Test worker] DEBUG org.springframework.boot.test.context.SpringBootTestContextBootstrapper - @TestExecutionListeners is not present for class [com.mitest.MitestApplicationTests]: using defaults.
21:14:55.130 [Test worker] INFO org.springframework.boot.test.context.SpringBootTestContextBootstrapper - Loaded default TestExecutionListener class names from location [META-INF/spring.factories]: [org.springframework.boot.test.autoconfigure.restdocs.RestDocsTestExecutionListener, org.springframework.boot.test.autoconfigure.web.client.MockRestServiceServerResetTestExecutionListener, org.springframework.boot.test.autoconfigure.web.servlet.MockMvcPrintOnlyOnFailureTestExecutionListener, org.springframework.boot.test.autoconfigure.web.servlet.WebDriverTestExecutionListener, org.springframework.boot.test.autoconfigure.webservices.client.MockWebServiceServerTestExecutionListener, org.springframework.boot.test.mock.mockito.MockitoTestExecutionListener, org.springframework.boot.test.mock.mockito.ResetMocksTestExecutionListener, org.springframework.test.context.web.ServletTestExecutionListener, org.springframework.test.context.support.DirtiesContextBeforeModesTestExecutionListener, org.springframework.test.context.event.ApplicationEventsTestExecutionListener, org.springframework.test.context.support.DependencyInjectionTestExecutionListener, org.springframework.test.context.support.DirtiesContextTestExecutionListener, org.springframework.test.context.transaction.TransactionalTestExecutionListener, org.springframework.test.context.jdbc.SqlScriptsTestExecutionListener, org.springframework.test.context.event.EventPublishingTestExecutionListener]
21:14:55.152 [Test worker] INFO org.springframework.boot.test.context.SpringBootTestContextBootstrapper - Using TestExecutionListeners: [org.springframework.test.context.web.ServletTestExecutionListener@e70f13a, org.springframework.test.context.support.DirtiesContextBeforeModesTestExecutionListener@3d3e5463, org.springframework.test.context.event.ApplicationEventsTestExecutionListener@64a40280, org.springframework.boot.test.mock.mockito.MockitoTestExecutionListener@4b40f651, org.springframework.boot.test.autoconfigure.SpringBootDependencyInjectionTestExecutionListener@42b02722, org.springframework.test.context.support.DirtiesContextTestExecutionListener@d62fe5b, org.springframework.test.context.transaction.TransactionalTestExecutionListener@49964d75, org.springframework.test.context.jdbc.SqlScriptsTestExecutionListener@528c868, org.springframework.test.context.event.EventPublishingTestExecutionListener@466276d8, org.springframework.boot.test.autoconfigure.restdocs.RestDocsTestExecutionListener@5ce8d869, org.springframework.boot.test.autoconfigure.web.client.MockRestServiceServerResetTestExecutionListener@27eedb64, org.springframework.boot.test.autoconfigure.web.servlet.MockMvcPrintOnlyOnFailureTestExecutionListener@64c63c79, org.springframework.boot.test.autoconfigure.web.servlet.WebDriverTestExecutionListener@31c7528f, org.springframework.boot.test.autoconfigure.webservices.client.MockWebServiceServerTestExecutionListener@2b76ff4e, org.springframework.boot.test.mock.mockito.ResetMocksTestExecutionListener@7a1234bf]
21:14:55.154 [Test worker] DEBUG org.springframework.test.context.support.AbstractDirtiesContextTestExecutionListener - Before test class: context [DefaultTestContext@b2c5e07 testClass = MitestApplicationTests, testInstance = [null], testMethod = [null], testException = [null], mergedContextConfiguration = [WebMergedContextConfiguration@5812f68b testClass = MitestApplicationTests, locations = '{}', classes = '{class com.mitest.MitestApplication}', contextInitializerClasses = '[]', activeProfiles = '{}', propertySourceLocations = '{}', propertySourceProperties = '{org.springframework.boot.test.context.SpringBootTestContextBootstrapper=true}', contextCustomizers = set[org.springframework.boot.test.autoconfigure.actuate.metrics.MetricsExportContextCustomizerFactory$DisableMetricExportContextCustomizer@268f106e, org.springframework.boot.test.autoconfigure.properties.PropertyMappingContextCustomizer@0, org.springframework.boot.test.autoconfigure.web.servlet.WebDriverContextCustomizerFactory$Customizer@17fc391b, org.springframework.boot.test.context.filter.ExcludeFilterContextCustomizer@6d60fe40, org.springframework.boot.test.json.DuplicateJsonObjectContextCustomizerFactory$DuplicateJsonObjectContextCustomizer@514646ef, org.springframework.boot.test.mock.mockito.MockitoContextCustomizer@0, org.springframework.boot.test.web.client.TestRestTemplateContextCustomizer@6c4906d3, org.springframework.boot.test.context.SpringBootTestArgs@1, org.springframework.boot.test.context.SpringBootTestWebEnvironment@6ac13091], resourceBasePath = 'src/main/webapp', contextLoader = 'org.springframework.boot.test.context.SpringBootContextLoader', parent = [null]], attributes = map['org.springframework.test.context.web.ServletTestExecutionListener.activateListener' -> true]], class annotated with @DirtiesContext [false] with mode [null].

  .   ____          _            __ _ _
 /\\ / ___'_ __ _ _(_)_ __  __ _ \ \ \ \
( ( )\___ | '_ | '_| | '_ \/ _` | \ \ \ \
 \\/  ___)| |_)| | | | | || (_| |  ) ) ) )
  '  |____| .__|_| |_|_| |_\__, | / / / /
 =========|_|==============|___/=/_/_/_/
 :: Spring Boot ::               (v2.7.11)

2023-05-09 21:14:55.437  INFO 21520 --- [    Test worker] com.mitest.MitestApplicationTests        : Starting MitestApplicationTests using Java 1.8.0_311 on LAPTOP-TL78CV1M with PID 21520 (started by 52777 in C:\Users\52777\Documents\Pruebas tecnicas\mitest)
2023-05-09 21:14:55.438  INFO 21520 --- [    Test worker] com.mitest.MitestApplicationTests        : No active profile set, falling back to 1 default profile: "default"
2023-05-09 21:14:56.030  INFO 21520 --- [    Test worker] .s.d.r.c.RepositoryConfigurationDelegate : Bootstrapping Spring Data JPA repositories in DEFAULT mode.
2023-05-09 21:14:56.049  INFO 21520 --- [    Test worker] .s.d.r.c.RepositoryConfigurationDelegate : Finished Spring Data repository scanning in 8 ms. Found 0 JPA repository interfaces.
2023-05-09 21:14:56.645  INFO 21520 --- [    Test worker] com.zaxxer.hikari.HikariDataSource       : HikariPool-1 - Starting...
2023-05-09 21:14:56.888  INFO 21520 --- [    Test worker] com.zaxxer.hikari.HikariDataSource       : HikariPool-1 - Start completed.
2023-05-09 21:14:56.948  INFO 21520 --- [    Test worker] o.hibernate.jpa.internal.util.LogHelper  : HHH000204: Processing PersistenceUnitInfo [name: default]
2023-05-09 21:14:57.006  INFO 21520 --- [    Test worker] org.hibernate.Version                    : HHH000412: Hibernate ORM core version 5.6.15.Final
2023-05-09 21:14:57.171  INFO 21520 --- [    Test worker] o.hibernate.annotations.common.Version   : HCANN000001: Hibernate Commons Annotations {5.1.2.Final}
2023-05-09 21:14:57.308  INFO 21520 --- [    Test worker] org.hibernate.dialect.Dialect            : HHH000400: Using dialect: org.hibernate.dialect.H2Dialect
2023-05-09 21:14:57.505  INFO 21520 --- [    Test worker] o.h.e.t.j.p.i.JtaPlatformInitiator       : HHH000490: Using JtaPlatform implementation: [org.hibernate.engine.transaction.jta.platform.internal.NoJtaPlatform]
2023-05-09 21:14:57.515  INFO 21520 --- [    Test worker] j.LocalContainerEntityManagerFactoryBean : Initialized JPA EntityManagerFactory for persistence unit 'default'
2023-05-09 21:14:57.734  WARN 21520 --- [    Test worker] JpaBaseConfiguration$JpaWebConfiguration : spring.jpa.open-in-view is enabled by default. Therefore, database queries may be performed during view rendering. Explicitly configure spring.jpa.open-in-view to disable this warning
2023-05-09 21:14:58.454  INFO 21520 --- [    Test worker] com.mitest.MitestApplicationTests        : Started MitestApplicationTests in 3.267 seconds (JVM running for 4.489)
]]></system-out>
  <system-err><![CDATA[]]></system-err>
</testsuite>
